<?xml version="1.0" encoding="UTF-8"?>
<!-- Generated by org.testng.reporters.JUnitReportReporter -->
<testsuite hostname="IQET-1330PV5-LX" failures="0" tests="1" name="scenarios.Tricentis_ProductTest" time="26.784" errors="0" timestamp="4 Aug 2023 10:24:01 GMT">
  <testcase classname="scenarios.Tricentis_ProductTest" name="testScenario" time="26.784"/>
</testsuite> <!-- scenarios.Tricentis_ProductTest -->
