<?xml version="1.0" encoding="UTF-8"?>
<!-- Generated by org.testng.reporters.JUnitReportReporter -->
<testsuite skipped="0" hostname="CBEN-9467ZKH-LX" name="scenarios.MyStore_SignInWithRegisteredUserTest" tests="1" failures="0" timestamp="13 Apr 2021 18:31:57 GMT" time="19.602" errors="0">
  <testcase name="testScenario" time="19.602" classname="scenarios.MyStore_SignInWithRegisteredUserTest"/>
</testsuite> <!-- scenarios.MyStore_SignInWithRegisteredUserTest -->
