<?xml version="1.0" encoding="UTF-8"?>
<!-- Generated by org.testng.reporters.JUnitReportReporter -->
<testsuite skipped="0" hostname="CBEN-9467ZKH-LX" name="scenarios.MercuryTours_SignInUserTest" tests="1" failures="0" timestamp="14 Apr 2021 00:57:22 GMT" time="24.012" errors="0">
  <testcase name="testScenario" time="24.012" classname="scenarios.MercuryTours_SignInUserTest"/>
</testsuite> <!-- scenarios.MercuryTours_SignInUserTest -->
