<?xml version="1.0" encoding="UTF-8"?>
<!-- Generated by org.testng.reporters.JUnitReportReporter -->
<testsuite hostname="CBEN-G90MGS3-LX" failures="0" tests="1" name="scenarios.Guru99_ValidLogin" time="13.643" errors="0" timestamp="13 Oct 2023 08:06:15 GMT" skipped="0">
  <testcase classname="scenarios.Guru99_ValidLogin" name="testScenario" time="13.643"/>
</testsuite> <!-- scenarios.Guru99_ValidLogin -->
